[INFO] Scanning for projects...
[WARNING] 
[WARNING] Some problems were encountered while building the effective model for com.itau.efetuartransacao:EfetuarTransacaoCase:jar:1.0.0-SNAPSHOT
[WARNING] 'dependencies.dependency.(groupId:artifactId:type:classifier)' must be unique: org.springframework:spring-aop:jar -> version (?) vs 5.3.23 @ line 108, column 21
[WARNING] 
[WARNING] It is highly recommended to fix these problems because they threaten the stability of your build.
[WARNING] 
[WARNING] For this reason, future Maven versions might no longer support building such malformed projects.
[WARNING] 
[INFO] 
[INFO] -----------< com.itau.efetuartransacao:EfetuarTransacaoCase >-----------
[INFO] Building EfetuarTransacaoCase 1.0.0-SNAPSHOT
[INFO]   from pom.xml
[INFO] --------------------------------[ jar ]---------------------------------
[INFO] 
[INFO] >>> spring-boot-maven-plugin:3.0.4:run (default-cli) > test-compile @ EfetuarTransacaoCase >>>
[INFO] 
[INFO] --- maven-resources-plugin:3.3.0:resources (default-resources) @ EfetuarTransacaoCase ---
[INFO] Copying 1 resource
[INFO] Copying 0 resource
[INFO] 
[INFO] --- maven-compiler-plugin:3.10.1:compile (default-compile) @ EfetuarTransacaoCase ---
[INFO] Nothing to compile - all classes are up to date
[INFO] 
[INFO] --- maven-resources-plugin:3.3.0:testResources (default-testResources) @ EfetuarTransacaoCase ---
[INFO] skip non existing resourceDirectory C:\Users\ianpo\git\Case-Itau\EfetuarTransacaoCase\src\test\resources
[INFO] 
[INFO] --- maven-compiler-plugin:3.10.1:testCompile (default-testCompile) @ EfetuarTransacaoCase ---
[INFO] Nothing to compile - all classes are up to date
[INFO] 
[INFO] <<< spring-boot-maven-plugin:3.0.4:run (default-cli) < test-compile @ EfetuarTransacaoCase <<<
[INFO] 
[INFO] 
[INFO] --- spring-boot-maven-plugin:3.0.4:run (default-cli) @ EfetuarTransacaoCase ---
[INFO] Attaching agents: []
Exception in thread "main" java.lang.NoClassDefFoundError: org/springframework/aop/framework/AopProxyUtils
	at org.springframework.context.event.AbstractApplicationEventMulticaster.addApplicationListener(AbstractApplicationEventMulticaster.java:108)
	at java.base/java.lang.Iterable.forEach(Iterable.java:75)
	at org.springframework.boot.context.event.EventPublishingRunListener.refreshApplicationListeners(EventPublishingRunListener.java:140)
	at org.springframework.boot.context.event.EventPublishingRunListener.multicastInitialEvent(EventPublishingRunListener.java:135)
	at org.springframework.boot.context.event.EventPublishingRunListener.starting(EventPublishingRunListener.java:75)
	at org.springframework.boot.SpringApplicationRunListeners.lambda$starting$0(SpringApplicationRunListeners.java:54)
	at java.base/java.lang.Iterable.forEach(Iterable.java:75)
	at org.springframework.boot.SpringApplicationRunListeners.doWithListeners(SpringApplicationRunListeners.java:118)
	at org.springframework.boot.SpringApplicationRunListeners.starting(SpringApplicationRunListeners.java:54)
	at org.springframework.boot.SpringApplication.run(SpringApplication.java:302)
	at org.springframework.boot.SpringApplication.run(SpringApplication.java:1304)
	at org.springframework.boot.SpringApplication.run(SpringApplication.java:1293)
	at com.itau.efetuartransacao.EfetuarTransacaoCaseApplication.main(EfetuarTransacaoCaseApplication.java:10)
Caused by: java.lang.ClassNotFoundException: org.springframework.aop.framework.AopProxyUtils
	at java.base/jdk.internal.loader.BuiltinClassLoader.loadClass(BuiltinClassLoader.java:641)
	at java.base/jdk.internal.loader.ClassLoaders$AppClassLoader.loadClass(ClassLoaders.java:188)
	at java.base/java.lang.ClassLoader.loadClass(ClassLoader.java:525)
	... 13 more
[INFO] ------------------------------------------------------------------------
[INFO] BUILD FAILURE
[INFO] ------------------------------------------------------------------------
[INFO] Total time:  1.559 s
[INFO] Finished at: 2025-04-07T16:54:13-03:00
[INFO] ------------------------------------------------------------------------
[ERROR] Failed to execute goal org.springframework.boot:spring-boot-maven-plugin:3.0.4:run (default-cli) on project EfetuarTransacaoCase: Process terminated with exit code: 1 -> [Help 1]
[ERROR] 
[ERROR] To see the full stack trace of the errors, re-run Maven with the -e switch.
[ERROR] Re-run Maven using the -X switch to enable full debug logging.
[ERROR] 
[ERROR] For more information about the errors and possible solutions, please read the following articles:
[ERROR] [Help 1] http://cwiki.apache.org/confluence/display/MAVEN/MojoExecutionException
